
--- Exception during merge ---
Stream:
6 Trace(s) in Stream:
G.CAN..EHE | 1994-08-06T10:59:00.809500Z - 1994-08-06T11:28:59.809500Z | 1.0 Hz, 1800 samples
G.CAN..EHE | 1994-08-06T10:59:07.785500Z - 1994-08-06T11:28:57.785500Z | 0.1 Hz, 180 samples
G.CAN..EHN | 1994-08-06T10:59:00.810200Z - 1994-08-06T11:28:59.810200Z | 1.0 Hz, 1800 samples
G.CAN..EHN | 1994-08-06T10:59:07.719200Z - 1994-08-06T11:28:57.719200Z | 0.1 Hz, 180 samples
G.CAN..EHZ | 1994-08-06T10:59:00.806600Z - 1994-08-06T11:28:59.806600Z | 1.0 Hz, 1800 samples
G.CAN..EHZ | 1994-08-06T10:59:07.693000Z - 1994-08-06T11:28:57.693000Z | 0.1 Hz, 180 samples
--- End of Stream ---


--- Problematic Stream Detected ---
Inconsistent Groups:
cha  loc  sr     starttime                    endtime                    
EHN       100.0  1994-08-06T11:05:38.050000Z  1994-08-06T11:06:17.980000Z    4
Full Stream:
4 Trace(s) in Stream:
ME.PIN..EHN | 1994-08-06T11:05:38.050000Z - 1994-08-06T11:06:17.980000Z | 100.0 Hz, 3994 samples
ME.PIN..EHN | 1994-08-06T11:05:38.050000Z - 1994-08-06T11:06:17.980000Z | 100.0 Hz, 3994 samples
ME.PIN..EHN | 1994-08-06T11:05:38.050000Z - 1994-08-06T11:06:17.980000Z | 100.0 Hz, 3994 samples
ME.PIN..EHN | 1994-08-06T11:05:38.050000Z - 1994-08-06T11:06:17.980000Z | 100.0 Hz, 3994 samples
--- End of Stream ---


--- Exception during merge ---
Stream:
6 Trace(s) in Stream:
G.CAN..EHE | 1999-03-17T01:54:00.500000Z - 1999-03-17T02:23:59.500000Z | 1.0 Hz, 1800 samples
G.CAN..EHE | 1999-03-17T01:54:00.500000Z - 1999-03-17T02:23:50.500000Z | 0.1 Hz, 180 samples
G.CAN..EHN | 1999-03-17T01:54:00.500000Z - 1999-03-17T02:23:59.500000Z | 1.0 Hz, 1800 samples
G.CAN..EHN | 1999-03-17T01:54:00.500000Z - 1999-03-17T02:23:50.500000Z | 0.1 Hz, 180 samples
G.CAN..EHZ | 1999-03-17T01:54:00.500000Z - 1999-03-17T02:23:59.500000Z | 1.0 Hz, 1800 samples
G.CAN..EHZ | 1999-03-17T01:54:00.500000Z - 1999-03-17T02:23:50.500000Z | 0.1 Hz, 180 samples
--- End of Stream ---


--- Problematic Stream Detected ---
Inconsistent Groups:
cha  loc  sr     starttime                    endtime                    
SNE       100.0  2003-12-11T10:19:26.000000Z  2003-12-11T10:19:50.990000Z    2
SNN       100.0  2003-12-11T10:19:26.000000Z  2003-12-11T10:19:50.990000Z    2
SNZ       100.0  2003-12-11T10:19:26.000000Z  2003-12-11T10:19:50.990000Z    2
Full Stream:
9 Trace(s) in Stream:
ME.LHBM..EHE | 2003-12-11T10:19:26.000000Z - 2003-12-11T10:19:50.990000Z | 100.0 Hz, 2500 samples
ME.LHBM..EHN | 2003-12-11T10:19:26.000000Z - 2003-12-11T10:19:50.990000Z | 100.0 Hz, 2500 samples
ME.LHBM..EHZ | 2003-12-11T10:19:26.000000Z - 2003-12-11T10:19:50.990000Z | 100.0 Hz, 2500 samples
ME.LHBM..SNE | 2003-12-11T10:19:26.000000Z - 2003-12-11T10:19:50.990000Z | 100.0 Hz, 2500 samples
ME.LHBM..SNE | 2003-12-11T10:19:26.000000Z - 2003-12-11T10:19:50.990000Z | 100.0 Hz, 2500 samples
ME.LHBM..SNN | 2003-12-11T10:19:26.000000Z - 2003-12-11T10:19:50.990000Z | 100.0 Hz, 2500 samples
ME.LHBM..SNN | 2003-12-11T10:19:26.000000Z - 2003-12-11T10:19:50.990000Z | 100.0 Hz, 2500 samples
ME.LHBM..SNZ | 2003-12-11T10:19:26.000000Z - 2003-12-11T10:19:50.990000Z | 100.0 Hz, 2500 samples
ME.LHBM..SNZ | 2003-12-11T10:19:26.000000Z - 2003-12-11T10:19:50.990000Z | 100.0 Hz, 2500 samples
--- End of Stream ---


--- Problematic Stream Detected ---
Inconsistent Groups:
cha  loc  sr     starttime                    endtime                    
EHE       100.0  2009-03-18T05:28:12.000000Z  2009-03-18T05:29:12.990000Z    2
EHN       100.0  2009-03-18T05:28:12.000000Z  2009-03-18T05:29:12.990000Z    2
EHZ       100.0  2009-03-18T05:28:12.000000Z  2009-03-18T05:29:12.990000Z    2
Full Stream:
6 Trace(s) in Stream:
ME.DROM..EHE | 2009-03-18T05:28:12.000000Z - 2009-03-18T05:29:12.990000Z | 100.0 Hz, 6100 samples
ME.DROM..EHE | 2009-03-18T05:28:12.000000Z - 2009-03-18T05:29:12.990000Z | 100.0 Hz, 6100 samples
ME.DROM..EHN | 2009-03-18T05:28:12.000000Z - 2009-03-18T05:29:12.990000Z | 100.0 Hz, 6100 samples
ME.DROM..EHN | 2009-03-18T05:28:12.000000Z - 2009-03-18T05:29:12.990000Z | 100.0 Hz, 6100 samples
ME.DROM..EHZ | 2009-03-18T05:28:12.000000Z - 2009-03-18T05:29:12.990000Z | 100.0 Hz, 6100 samples
ME.DROM..EHZ | 2009-03-18T05:28:12.000000Z - 2009-03-18T05:29:12.990000Z | 100.0 Hz, 6100 samples
--- End of Stream ---


--- Problematic Stream Detected ---
Inconsistent Groups:
cha  loc  sr     starttime                    endtime                    
EHE       100.0  2009-03-18T05:28:12.000000Z  2009-03-18T05:29:12.990000Z    2
EHN       100.0  2009-03-18T05:28:12.000000Z  2009-03-18T05:29:12.990000Z    2
EHZ       100.0  2009-03-18T05:28:12.000000Z  2009-03-18T05:29:12.990000Z    2
Full Stream:
6 Trace(s) in Stream:
ME.DROM..EHE | 2009-03-18T05:28:12.000000Z - 2009-03-18T05:29:12.990000Z | 100.0 Hz, 6100 samples
ME.DROM..EHE | 2009-03-18T05:28:12.000000Z - 2009-03-18T05:29:12.990000Z | 100.0 Hz, 6100 samples
ME.DROM..EHN | 2009-03-18T05:28:12.000000Z - 2009-03-18T05:29:12.990000Z | 100.0 Hz, 6100 samples
ME.DROM..EHN | 2009-03-18T05:28:12.000000Z - 2009-03-18T05:29:12.990000Z | 100.0 Hz, 6100 samples
ME.DROM..EHZ | 2009-03-18T05:28:12.000000Z - 2009-03-18T05:29:12.990000Z | 100.0 Hz, 6100 samples
ME.DROM..EHZ | 2009-03-18T05:28:12.000000Z - 2009-03-18T05:29:12.990000Z | 100.0 Hz, 6100 samples
--- End of Stream ---


--- Problematic Stream Detected ---
Inconsistent Groups:
cha  loc  sr     starttime                    endtime                    
EHE       100.0  2009-03-18T05:28:40.000000Z  2009-03-18T05:29:45.990000Z    2
EHN       100.0  2009-03-18T05:28:40.000000Z  2009-03-18T05:29:45.990000Z    2
EHZ       100.0  2009-03-18T05:28:40.000000Z  2009-03-18T05:29:45.990000Z    2
Full Stream:
6 Trace(s) in Stream:
ME.NARM..EHE | 2009-03-18T05:28:40.000000Z - 2009-03-18T05:29:45.990000Z | 100.0 Hz, 6600 samples
ME.NARM..EHE | 2009-03-18T05:28:40.000000Z - 2009-03-18T05:29:45.990000Z | 100.0 Hz, 6600 samples
ME.NARM..EHN | 2009-03-18T05:28:40.000000Z - 2009-03-18T05:29:45.990000Z | 100.0 Hz, 6600 samples
ME.NARM..EHN | 2009-03-18T05:28:40.000000Z - 2009-03-18T05:29:45.990000Z | 100.0 Hz, 6600 samples
ME.NARM..EHZ | 2009-03-18T05:28:40.000000Z - 2009-03-18T05:29:45.990000Z | 100.0 Hz, 6600 samples
ME.NARM..EHZ | 2009-03-18T05:28:40.000000Z - 2009-03-18T05:29:45.990000Z | 100.0 Hz, 6600 samples
--- End of Stream ---

--- Exception during merge ---
Stream:
6 Trace(s) in Stream:
G.CAN..EHE | 1994-08-06T10:59:00.809500Z - 1994-08-06T11:28:59.809500Z | 1.0 Hz, 1800 samples
G.CAN..EHE | 1994-08-06T10:59:07.785500Z - 1994-08-06T11:28:57.785500Z | 0.1 Hz, 180 samples
G.CAN..EHN | 1994-08-06T10:59:00.810200Z - 1994-08-06T11:28:59.810200Z | 1.0 Hz, 1800 samples
G.CAN..EHN | 1994-08-06T10:59:07.719200Z - 1994-08-06T11:28:57.719200Z | 0.1 Hz, 180 samples
G.CAN..EHZ | 1994-08-06T10:59:00.806600Z - 1994-08-06T11:28:59.806600Z | 1.0 Hz, 1800 samples
G.CAN..EHZ | 1994-08-06T10:59:07.693000Z - 1994-08-06T11:28:57.693000Z | 0.1 Hz, 180 samples
--- End of Stream ---


--- Problematic Stream Detected ---
Inconsistent Groups:
cha  loc  sr     starttime                    endtime                    
EHN       100.0  1994-08-06T11:05:38.050000Z  1994-08-06T11:06:17.980000Z    4
Full Stream:
4 Trace(s) in Stream:
ME.PIN..EHN | 1994-08-06T11:05:38.050000Z - 1994-08-06T11:06:17.980000Z | 100.0 Hz, 3994 samples
ME.PIN..EHN | 1994-08-06T11:05:38.050000Z - 1994-08-06T11:06:17.980000Z | 100.0 Hz, 3994 samples
ME.PIN..EHN | 1994-08-06T11:05:38.050000Z - 1994-08-06T11:06:17.980000Z | 100.0 Hz, 3994 samples
ME.PIN..EHN | 1994-08-06T11:05:38.050000Z - 1994-08-06T11:06:17.980000Z | 100.0 Hz, 3994 samples
--- End of Stream ---


--- Exception during merge ---
Stream:
6 Trace(s) in Stream:
G.CAN..EHE | 1999-03-17T01:54:00.500000Z - 1999-03-17T02:23:59.500000Z | 1.0 Hz, 1800 samples
G.CAN..EHE | 1999-03-17T01:54:00.500000Z - 1999-03-17T02:23:50.500000Z | 0.1 Hz, 180 samples
G.CAN..EHN | 1999-03-17T01:54:00.500000Z - 1999-03-17T02:23:59.500000Z | 1.0 Hz, 1800 samples
G.CAN..EHN | 1999-03-17T01:54:00.500000Z - 1999-03-17T02:23:50.500000Z | 0.1 Hz, 180 samples
G.CAN..EHZ | 1999-03-17T01:54:00.500000Z - 1999-03-17T02:23:59.500000Z | 1.0 Hz, 1800 samples
G.CAN..EHZ | 1999-03-17T01:54:00.500000Z - 1999-03-17T02:23:50.500000Z | 0.1 Hz, 180 samples
--- End of Stream ---


--- Problematic Stream Detected ---
Inconsistent Groups:
cha  loc  sr     starttime                    endtime                    
SNE       100.0  2003-12-11T10:19:26.000000Z  2003-12-11T10:19:50.990000Z    2
SNN       100.0  2003-12-11T10:19:26.000000Z  2003-12-11T10:19:50.990000Z    2
SNZ       100.0  2003-12-11T10:19:26.000000Z  2003-12-11T10:19:50.990000Z    2
Full Stream:
9 Trace(s) in Stream:
ME.LHBM..EHE | 2003-12-11T10:19:26.000000Z - 2003-12-11T10:19:50.990000Z | 100.0 Hz, 2500 samples
ME.LHBM..EHN | 2003-12-11T10:19:26.000000Z - 2003-12-11T10:19:50.990000Z | 100.0 Hz, 2500 samples
ME.LHBM..EHZ | 2003-12-11T10:19:26.000000Z - 2003-12-11T10:19:50.990000Z | 100.0 Hz, 2500 samples
ME.LHBM..SNE | 2003-12-11T10:19:26.000000Z - 2003-12-11T10:19:50.990000Z | 100.0 Hz, 2500 samples
ME.LHBM..SNE | 2003-12-11T10:19:26.000000Z - 2003-12-11T10:19:50.990000Z | 100.0 Hz, 2500 samples
ME.LHBM..SNN | 2003-12-11T10:19:26.000000Z - 2003-12-11T10:19:50.990000Z | 100.0 Hz, 2500 samples
ME.LHBM..SNN | 2003-12-11T10:19:26.000000Z - 2003-12-11T10:19:50.990000Z | 100.0 Hz, 2500 samples
ME.LHBM..SNZ | 2003-12-11T10:19:26.000000Z - 2003-12-11T10:19:50.990000Z | 100.0 Hz, 2500 samples
ME.LHBM..SNZ | 2003-12-11T10:19:26.000000Z - 2003-12-11T10:19:50.990000Z | 100.0 Hz, 2500 samples
--- End of Stream ---


--- Problematic Stream Detected ---
Inconsistent Groups:
cha  loc  sr     starttime                    endtime                    
EHE       100.0  2009-03-18T05:28:12.000000Z  2009-03-18T05:29:12.990000Z    2
EHN       100.0  2009-03-18T05:28:12.000000Z  2009-03-18T05:29:12.990000Z    2
EHZ       100.0  2009-03-18T05:28:12.000000Z  2009-03-18T05:29:12.990000Z    2
Full Stream:
6 Trace(s) in Stream:
ME.DROM..EHE | 2009-03-18T05:28:12.000000Z - 2009-03-18T05:29:12.990000Z | 100.0 Hz, 6100 samples
ME.DROM..EHE | 2009-03-18T05:28:12.000000Z - 2009-03-18T05:29:12.990000Z | 100.0 Hz, 6100 samples
ME.DROM..EHN | 2009-03-18T05:28:12.000000Z - 2009-03-18T05:29:12.990000Z | 100.0 Hz, 6100 samples
ME.DROM..EHN | 2009-03-18T05:28:12.000000Z - 2009-03-18T05:29:12.990000Z | 100.0 Hz, 6100 samples
ME.DROM..EHZ | 2009-03-18T05:28:12.000000Z - 2009-03-18T05:29:12.990000Z | 100.0 Hz, 6100 samples
ME.DROM..EHZ | 2009-03-18T05:28:12.000000Z - 2009-03-18T05:29:12.990000Z | 100.0 Hz, 6100 samples
--- End of Stream ---


--- Problematic Stream Detected ---
Inconsistent Groups:
cha  loc  sr     starttime                    endtime                    
EHE       100.0  2009-03-18T05:28:12.000000Z  2009-03-18T05:29:12.990000Z    2
EHN       100.0  2009-03-18T05:28:12.000000Z  2009-03-18T05:29:12.990000Z    2
EHZ       100.0  2009-03-18T05:28:12.000000Z  2009-03-18T05:29:12.990000Z    2
Full Stream:
6 Trace(s) in Stream:
ME.DROM..EHE | 2009-03-18T05:28:12.000000Z - 2009-03-18T05:29:12.990000Z | 100.0 Hz, 6100 samples
ME.DROM..EHE | 2009-03-18T05:28:12.000000Z - 2009-03-18T05:29:12.990000Z | 100.0 Hz, 6100 samples
ME.DROM..EHN | 2009-03-18T05:28:12.000000Z - 2009-03-18T05:29:12.990000Z | 100.0 Hz, 6100 samples
ME.DROM..EHN | 2009-03-18T05:28:12.000000Z - 2009-03-18T05:29:12.990000Z | 100.0 Hz, 6100 samples
ME.DROM..EHZ | 2009-03-18T05:28:12.000000Z - 2009-03-18T05:29:12.990000Z | 100.0 Hz, 6100 samples
ME.DROM..EHZ | 2009-03-18T05:28:12.000000Z - 2009-03-18T05:29:12.990000Z | 100.0 Hz, 6100 samples
--- End of Stream ---


--- Problematic Stream Detected ---
Inconsistent Groups:
cha  loc  sr     starttime                    endtime                    
EHE       100.0  2009-03-18T05:28:40.000000Z  2009-03-18T05:29:45.990000Z    2
EHN       100.0  2009-03-18T05:28:40.000000Z  2009-03-18T05:29:45.990000Z    2
EHZ       100.0  2009-03-18T05:28:40.000000Z  2009-03-18T05:29:45.990000Z    2
Full Stream:
6 Trace(s) in Stream:
ME.NARM..EHE | 2009-03-18T05:28:40.000000Z - 2009-03-18T05:29:45.990000Z | 100.0 Hz, 6600 samples
ME.NARM..EHE | 2009-03-18T05:28:40.000000Z - 2009-03-18T05:29:45.990000Z | 100.0 Hz, 6600 samples
ME.NARM..EHN | 2009-03-18T05:28:40.000000Z - 2009-03-18T05:29:45.990000Z | 100.0 Hz, 6600 samples
ME.NARM..EHN | 2009-03-18T05:28:40.000000Z - 2009-03-18T05:29:45.990000Z | 100.0 Hz, 6600 samples
ME.NARM..EHZ | 2009-03-18T05:28:40.000000Z - 2009-03-18T05:29:45.990000Z | 100.0 Hz, 6600 samples
ME.NARM..EHZ | 2009-03-18T05:28:40.000000Z - 2009-03-18T05:29:45.990000Z | 100.0 Hz, 6600 samples
--- End of Stream ---

--- Exception during merge ---
Stream:
6 Trace(s) in Stream:
G.CAN..EHE | 1994-08-06T10:59:00.809500Z - 1994-08-06T11:28:59.809500Z | 1.0 Hz, 1800 samples
G.CAN..EHE | 1994-08-06T10:59:07.785500Z - 1994-08-06T11:28:57.785500Z | 0.1 Hz, 180 samples
G.CAN..EHN | 1994-08-06T10:59:00.810200Z - 1994-08-06T11:28:59.810200Z | 1.0 Hz, 1800 samples
G.CAN..EHN | 1994-08-06T10:59:07.719200Z - 1994-08-06T11:28:57.719200Z | 0.1 Hz, 180 samples
G.CAN..EHZ | 1994-08-06T10:59:00.806600Z - 1994-08-06T11:28:59.806600Z | 1.0 Hz, 1800 samples
G.CAN..EHZ | 1994-08-06T10:59:07.693000Z - 1994-08-06T11:28:57.693000Z | 0.1 Hz, 180 samples
--- End of Stream ---


--- Problematic Stream Detected ---
Inconsistent Groups:
cha  loc  sr     starttime                    endtime                    
EHN       100.0  1994-08-06T11:05:38.050000Z  1994-08-06T11:06:17.980000Z    4
Full Stream:
4 Trace(s) in Stream:
ME.PIN..EHN | 1994-08-06T11:05:38.050000Z - 1994-08-06T11:06:17.980000Z | 100.0 Hz, 3994 samples
ME.PIN..EHN | 1994-08-06T11:05:38.050000Z - 1994-08-06T11:06:17.980000Z | 100.0 Hz, 3994 samples
ME.PIN..EHN | 1994-08-06T11:05:38.050000Z - 1994-08-06T11:06:17.980000Z | 100.0 Hz, 3994 samples
ME.PIN..EHN | 1994-08-06T11:05:38.050000Z - 1994-08-06T11:06:17.980000Z | 100.0 Hz, 3994 samples
--- End of Stream ---


--- Exception during merge ---
Stream:
6 Trace(s) in Stream:
G.CAN..EHE | 1999-03-17T01:54:00.500000Z - 1999-03-17T02:23:59.500000Z | 1.0 Hz, 1800 samples
G.CAN..EHE | 1999-03-17T01:54:00.500000Z - 1999-03-17T02:23:50.500000Z | 0.1 Hz, 180 samples
G.CAN..EHN | 1999-03-17T01:54:00.500000Z - 1999-03-17T02:23:59.500000Z | 1.0 Hz, 1800 samples
G.CAN..EHN | 1999-03-17T01:54:00.500000Z - 1999-03-17T02:23:50.500000Z | 0.1 Hz, 180 samples
G.CAN..EHZ | 1999-03-17T01:54:00.500000Z - 1999-03-17T02:23:59.500000Z | 1.0 Hz, 1800 samples
G.CAN..EHZ | 1999-03-17T01:54:00.500000Z - 1999-03-17T02:23:50.500000Z | 0.1 Hz, 180 samples
--- End of Stream ---


--- Problematic Stream Detected ---
Inconsistent Groups:
cha  loc  sr     starttime                    endtime                    
SNE       100.0  2003-12-11T10:19:26.000000Z  2003-12-11T10:19:50.990000Z    2
SNN       100.0  2003-12-11T10:19:26.000000Z  2003-12-11T10:19:50.990000Z    2
SNZ       100.0  2003-12-11T10:19:26.000000Z  2003-12-11T10:19:50.990000Z    2
Full Stream:
9 Trace(s) in Stream:
ME.LHBM..EHE | 2003-12-11T10:19:26.000000Z - 2003-12-11T10:19:50.990000Z | 100.0 Hz, 2500 samples
ME.LHBM..EHN | 2003-12-11T10:19:26.000000Z - 2003-12-11T10:19:50.990000Z | 100.0 Hz, 2500 samples
ME.LHBM..EHZ | 2003-12-11T10:19:26.000000Z - 2003-12-11T10:19:50.990000Z | 100.0 Hz, 2500 samples
ME.LHBM..SNE | 2003-12-11T10:19:26.000000Z - 2003-12-11T10:19:50.990000Z | 100.0 Hz, 2500 samples
ME.LHBM..SNE | 2003-12-11T10:19:26.000000Z - 2003-12-11T10:19:50.990000Z | 100.0 Hz, 2500 samples
ME.LHBM..SNN | 2003-12-11T10:19:26.000000Z - 2003-12-11T10:19:50.990000Z | 100.0 Hz, 2500 samples
ME.LHBM..SNN | 2003-12-11T10:19:26.000000Z - 2003-12-11T10:19:50.990000Z | 100.0 Hz, 2500 samples
ME.LHBM..SNZ | 2003-12-11T10:19:26.000000Z - 2003-12-11T10:19:50.990000Z | 100.0 Hz, 2500 samples
ME.LHBM..SNZ | 2003-12-11T10:19:26.000000Z - 2003-12-11T10:19:50.990000Z | 100.0 Hz, 2500 samples
--- End of Stream ---


--- Problematic Stream Detected ---
Inconsistent Groups:
cha  loc  sr     starttime                    endtime                    
EHE       100.0  2009-03-18T05:28:12.000000Z  2009-03-18T05:29:12.990000Z    2
EHN       100.0  2009-03-18T05:28:12.000000Z  2009-03-18T05:29:12.990000Z    2
EHZ       100.0  2009-03-18T05:28:12.000000Z  2009-03-18T05:29:12.990000Z    2
Full Stream:
6 Trace(s) in Stream:
ME.DROM..EHE | 2009-03-18T05:28:12.000000Z - 2009-03-18T05:29:12.990000Z | 100.0 Hz, 6100 samples
ME.DROM..EHE | 2009-03-18T05:28:12.000000Z - 2009-03-18T05:29:12.990000Z | 100.0 Hz, 6100 samples
ME.DROM..EHN | 2009-03-18T05:28:12.000000Z - 2009-03-18T05:29:12.990000Z | 100.0 Hz, 6100 samples
ME.DROM..EHN | 2009-03-18T05:28:12.000000Z - 2009-03-18T05:29:12.990000Z | 100.0 Hz, 6100 samples
ME.DROM..EHZ | 2009-03-18T05:28:12.000000Z - 2009-03-18T05:29:12.990000Z | 100.0 Hz, 6100 samples
ME.DROM..EHZ | 2009-03-18T05:28:12.000000Z - 2009-03-18T05:29:12.990000Z | 100.0 Hz, 6100 samples
--- End of Stream ---


--- Problematic Stream Detected ---
Inconsistent Groups:
cha  loc  sr     starttime                    endtime                    
EHE       100.0  2009-03-18T05:28:40.000000Z  2009-03-18T05:29:45.990000Z    2
EHN       100.0  2009-03-18T05:28:40.000000Z  2009-03-18T05:29:45.990000Z    2
EHZ       100.0  2009-03-18T05:28:40.000000Z  2009-03-18T05:29:45.990000Z    2
Full Stream:
6 Trace(s) in Stream:
ME.NARM..EHE | 2009-03-18T05:28:40.000000Z - 2009-03-18T05:29:45.990000Z | 100.0 Hz, 6600 samples
ME.NARM..EHE | 2009-03-18T05:28:40.000000Z - 2009-03-18T05:29:45.990000Z | 100.0 Hz, 6600 samples
ME.NARM..EHN | 2009-03-18T05:28:40.000000Z - 2009-03-18T05:29:45.990000Z | 100.0 Hz, 6600 samples
ME.NARM..EHN | 2009-03-18T05:28:40.000000Z - 2009-03-18T05:29:45.990000Z | 100.0 Hz, 6600 samples
ME.NARM..EHZ | 2009-03-18T05:28:40.000000Z - 2009-03-18T05:29:45.990000Z | 100.0 Hz, 6600 samples
ME.NARM..EHZ | 2009-03-18T05:28:40.000000Z - 2009-03-18T05:29:45.990000Z | 100.0 Hz, 6600 samples
--- End of Stream ---
